-----------------------------------------------
../af_exemple/dataset/stb_291_2.apx already computed 
-----------------------------------------------
../af_exemple/dataset/ER_500_80_4.apx already computed 
-----------------------------------------------
../af_exemple/dataset/BA_180_20_3.apx already computed 
-----------------------------------------------
../af_exemple/dataset/WS_400_16_50_70.apx already computed 
-----------------------------------------------
../af_exemple/dataset/stb_412_497.apx
Error from solver
-----------------------------------------------
../af_exemple/dataset/BA_140_40_2.apx already computed 
-----------------------------------------------
../af_exemple/dataset/WS_400_24_90_50.apx
Error from solver
-----------------------------------------------
../af_exemple/dataset/spacecoast_fl_2015-12-02.gml.50.apx already computed 
-----------------------------------------------
../af_exemple/dataset/ER_400_20_1.apx
Error from solver
-----------------------------------------------
../af_exemple/dataset/connexxion-archiver_20151219_0119.gml.20.apx already computed 
-----------------------------------------------
../af_exemple/dataset/sembuster_3000.apx
Error from solver
-----------------------------------------------
../af_exemple/dataset/WS_400_32_90_30.apx
Error from solver
-----------------------------------------------
../af_exemple/dataset/afinput_exp_cycles_indvary3_step4_batch_yyy03.apx already computed 
-----------------------------------------------
../af_exemple/dataset/BA_140_30_1.apx already computed 
-----------------------------------------------
../af_exemple/dataset/ER_400_40_1.apx
Error from solver
-----------------------------------------------
../af_exemple/dataset/BA_200_50_2.apx already computed 
-----------------------------------------------
../af_exemple/dataset/ER_500_70_2.apx already computed 
-----------------------------------------------
../af_exemple/dataset/WS_400_32_70_30.apx
Error from solver
-----------------------------------------------
../af_exemple/dataset/ER_400_30_4.apx
Error from solver
-----------------------------------------------
../af_exemple/dataset/stb_706_374.apx
Error from solver
-----------------------------------------------
../af_exemple/dataset/WS_300_32_70_50.apx
Error from solver
-----------------------------------------------
../af_exemple/dataset/stb_669_17.apx
Error from solver
-----------------------------------------------
../af_exemple/dataset/WS_300_24_90_10.apx
Error from solver
-----------------------------------------------
../af_exemple/dataset/BA_200_10_5.apx already computed 
-----------------------------------------------
../af_exemple/dataset/ER_300_40_10.apx
done
-----------------------------------------------
../af_exemple/dataset/admbuster_2000000.apx
done
-----------------------------------------------
../af_exemple/dataset/hut-airport-shuttle_20120105_0729.gml.50.apx
done
-----------------------------------------------
../af_exemple/dataset/stb_758_190.apx
Error from solver
-----------------------------------------------
../af_exemple/dataset/grd_6318_2_5.apx
done
-----------------------------------------------
../af_exemple/dataset/WS_400_32_30_10.apx
Error from solver
-----------------------------------------------
../af_exemple/dataset/ER_500_10_7.apx
Error from solver
-----------------------------------------------
../af_exemple/dataset/ER_500_50_1.apx
Error from solver
-----------------------------------------------
../af_exemple/dataset/afinput_exp_acyclic_indvary2_step2_batch_yyy10.apx
done
-----------------------------------------------
../af_exemple/dataset/BA_100_40_3.apx
done
-----------------------------------------------
../af_exemple/dataset/massachusetts_vineyardfastferry_2015-11-13.gml.50.apx
done
-----------------------------------------------
../af_exemple/dataset/scc_8752_70_20_1.apx
Error from solver
-----------------------------------------------
../af_exemple/dataset/WS_500_32_30_50.apx
Error from solver
-----------------------------------------------
../af_exemple/dataset/lta_20150727_0653.normalized.gml.50.apx
done
-----------------------------------------------
../af_exemple/dataset/afinput_exp_cycles_depvary_step4_batch_yyy05.apx
Error from solver
-----------------------------------------------
../af_exemple/dataset/stb_616_477.apx
Error from solver
-----------------------------------------------
../af_exemple/dataset/BA_180_30_4.apx
done
-----------------------------------------------
../af_exemple/dataset/afinput_exp_acyclic_depvary_step5_batch_yyy01.apx
done
-----------------------------------------------
../af_exemple/dataset/ER_300_10_6.apx
Error from solver
-----------------------------------------------
../af_exemple/dataset/sembuster_3600.apx
Error from solver
-----------------------------------------------
../af_exemple/dataset/WS_500_16_30_50.apx
done
-----------------------------------------------
../af_exemple/dataset/WS_400_16_30_10.apx
done
-----------------------------------------------
../af_exemple/dataset/metro-bilbao_20110407_1059.gml.80.apx
done
-----------------------------------------------
../af_exemple/dataset/ER_500_90_4.apx
done
-----------------------------------------------
../af_exemple/dataset/grd_489_5_8.apx
done
-----------------------------------------------
../af_exemple/dataset/WS_400_16_30_50.apx
done
-----------------------------------------------
../af_exemple/dataset/BA_120_40_4.apx
done
-----------------------------------------------
../af_exemple/dataset/WS_200_14_30_70.apx
done
-----------------------------------------------
../af_exemple/dataset/BA_40_60_2.apx
done
-----------------------------------------------
../af_exemple/dataset/ferry2.pfile-L2-C3-01.pddl.1.cnf.apx
done
-----------------------------------------------
../af_exemple/dataset/afinput_exp_acyclic_indvary2_step2_batch_yyy09.apx
done
-----------------------------------------------
../af_exemple/dataset/ER_500_100_8.apx
done
-----------------------------------------------
../af_exemple/dataset/scc_989_70_15_3.apx
done
-----------------------------------------------
../af_exemple/dataset/grd_13651_2_3.apx
done
-----------------------------------------------
../af_exemple/dataset/mv-start-zrt_20120319_0356.gml.50.apx
done
-----------------------------------------------
../af_exemple/dataset/BA_100_90_4.apx
done
-----------------------------------------------
../af_exemple/dataset/BA_80_50_4.apx
done
-----------------------------------------------
../af_exemple/dataset/stb_739_143.apx
Error from solver
-----------------------------------------------
../af_exemple/dataset/afinput_exp_cycles_depvary_step4_batch_yyy03.apx
Error from solver
-----------------------------------------------
../af_exemple/dataset/stb_792_333.apx
Error from solver
-----------------------------------------------
../af_exemple/dataset/ferry2.pfile-L2-C3-04.pddl.1.cnf.apx
done
-----------------------------------------------
../af_exemple/dataset/WS_500_16_30_70.apx
done
-----------------------------------------------
../af_exemple/dataset/bw3.pfile-3-08.pddl.6.cnf.apx
done
-----------------------------------------------
../af_exemple/dataset/ER_300_60_3.apx
done
-----------------------------------------------
../af_exemple/dataset/stb_437_137.apx
done
-----------------------------------------------
../af_exemple/dataset/WS_400_24_90_70.apx
Error from solver
-----------------------------------------------
../af_exemple/dataset/BA_160_20_3.apx
done
-----------------------------------------------
../af_exemple/dataset/afinput_exp_acyclic_indvary1_step2_batch_yyy07.apx
done
-----------------------------------------------
../af_exemple/dataset/grd_14060_1_7.apx
done
-----------------------------------------------
../af_exemple/dataset/admbuster_20000.apx
done
-----------------------------------------------
../af_exemple/dataset/admbuster_6000.apx
done
-----------------------------------------------
../af_exemple/dataset/ER_200_20_4.apx
done
-----------------------------------------------
../af_exemple/dataset/WS_500_32_50_70.apx
Error from solver
-----------------------------------------------
../af_exemple/dataset/WS_400_32_50_70.apx
Error from solver
-----------------------------------------------
../af_exemple/dataset/stb_771_165.apx
Error from solver
-----------------------------------------------
../af_exemple/dataset/stb_787_390.apx
Error from solver
-----------------------------------------------
../af_exemple/dataset/stb_430_209.apx
done
-----------------------------------------------
../af_exemple/dataset/WS_500_24_70_70.apx
Error from solver
-----------------------------------------------
../af_exemple/dataset/stebazzi81_20151219_1954.gml.50.apx
done
-----------------------------------------------
../af_exemple/dataset/ferry2.pfile-L2-C3-02.pddl.5.cnf.apx
done
-----------------------------------------------
../af_exemple/dataset/ER_300_40_4.apx
done
-----------------------------------------------
../af_exemple/dataset/WS_500_16_90_50.apx
Error from solver
-----------------------------------------------
../af_exemple/dataset/nc-state-university-wolfline_20150227_1735.gml.50.apx
done
-----------------------------------------------
../af_exemple/dataset/WS_300_32_10_50.apx
done
-----------------------------------------------
../af_exemple/dataset/stb_747_175.apx
Error from solver
-----------------------------------------------
../af_exemple/dataset/WS_200_20_50_30.apx
done
-----------------------------------------------
../af_exemple/dataset/scc_1457_30_5_21.apx
Error from solver
-----------------------------------------------
../af_exemple/dataset/WS_500_24_90_10.apx
Error from solver
-----------------------------------------------
../af_exemple/dataset/st_louis_mo_2015-11-19.gml.20.apx
done
-----------------------------------------------
../af_exemple/dataset/scc_1450_40_5_10.apx
done
-----------------------------------------------
../af_exemple/dataset/stb_340_455.apx
done
-----------------------------------------------
../af_exemple/dataset/bw3.pfile-4-01.pddl.3.cnf.apx
done
-----------------------------------------------
../af_exemple/dataset/WS_200_28_50_70.apx
done
-----------------------------------------------
../af_exemple/dataset/grd_1697_5_7.apx
done
-----------------------------------------------
../af_exemple/dataset/stb_727_184.apx
Error from solver
-----------------------------------------------
../af_exemple/dataset/afinput_exp_acyclic_indvary1_step3_batch_yyy06.apx
done
-----------------------------------------------
../af_exemple/dataset/brookings-or-us.gml.50.apx
done
-----------------------------------------------
../af_exemple/dataset/ferry2.pfile-L3-C1-07.pddl.1.cnf.apx
done
-----------------------------------------------
../af_exemple/dataset/ER_400_100_10.apx
done
-----------------------------------------------
../af_exemple/dataset/WS_300_24_90_30.apx
Error from solver
-----------------------------------------------
../af_exemple/dataset/ER_400_50_10.apx
done
-----------------------------------------------
../af_exemple/dataset/ferry2.pfile-L2-C3-010.pddl.1.cnf.apx
done
-----------------------------------------------
../af_exemple/dataset/rijard.barnes_20150215_0640.gml.80.apx
done
-----------------------------------------------
../af_exemple/dataset/cascades-east-transit_20151217_0811.gml.80.apx
done
-----------------------------------------------
../af_exemple/dataset/WS_500_32_50_10.apx
Error from solver
-----------------------------------------------
../af_exemple/dataset/scc_1109_50_10_5.apx
done
-----------------------------------------------
../af_exemple/dataset/ER_500_60_1.apx
done
-----------------------------------------------
../af_exemple/dataset/bw3.pfile-4-07.pddl.1.cnf.apx
done
-----------------------------------------------
../af_exemple/dataset/BA_160_80_2.apx
done
-----------------------------------------------
../af_exemple/dataset/BA_180_80_3.apx
done
-----------------------------------------------
../af_exemple/dataset/ER_400_20_8.apx
Error from solver
-----------------------------------------------
../af_exemple/dataset/ER_500_20_1.apx
Error from solver
-----------------------------------------------
../af_exemple/dataset/WS_300_32_70_10.apx
Error from solver
-----------------------------------------------
../af_exemple/dataset/municipalidad-de-bahia-blanca_20151216_1926.gml.80.apx
done
-----------------------------------------------
../af_exemple/dataset/long-island-railroad_20090825_0512.gml.20.apx
done
-----------------------------------------------
../af_exemple/dataset/BA_40_30_3.apx
done
-----------------------------------------------
../af_exemple/dataset/afinput_exp_acyclic_indvary3_step7_batch_yyy09.apx
done
-----------------------------------------------
../af_exemple/dataset/ER_400_40_10.apx
Error from solver
-----------------------------------------------
../af_exemple/dataset/afinput_exp_cycles_indvary1_step1_batch_yyy02.apx
done
-----------------------------------------------
../af_exemple/dataset/WS_500_32_50_50.apx
Error from solver
-----------------------------------------------
../af_exemple/dataset/ER_300_20_1.apx
Error from solver
-----------------------------------------------
../af_exemple/dataset/ferry2.pfile-L3-C4-09.pddl.2.cnf.apx
done
-----------------------------------------------
../af_exemple/dataset/grd_11564_1_6.apx
done
-----------------------------------------------
../af_exemple/dataset/WS_500_16_90_30.apx
Error from solver
-----------------------------------------------
../af_exemple/dataset/ER_500_70_1.apx
done
-----------------------------------------------
../af_exemple/dataset/sembuster_600.apx
done
-----------------------------------------------
../af_exemple/dataset/omnitrans_20151217_1124.gml.20.apx
done
-----------------------------------------------
../af_exemple/dataset/ER_300_10_1.apx
Error from solver
-----------------------------------------------
../af_exemple/dataset/stb_756_97.apx
Error from solver
-----------------------------------------------
../af_exemple/dataset/stb_373_251.apx
done
-----------------------------------------------
../af_exemple/dataset/ER_300_100_4.apx
done
-----------------------------------------------
../af_exemple/dataset/grd_5178_1_1.apx
done
-----------------------------------------------
../af_exemple/dataset/ER_500_10_4.apx
Error from solver
-----------------------------------------------
../af_exemple/dataset/scc_5327_70_20_5.apx
Error from solver
-----------------------------------------------
../af_exemple/dataset/scc_5789_30_10_1.apx
Error from solver
-----------------------------------------------
../af_exemple/dataset/stb_389_42.apx
done
-----------------------------------------------
../af_exemple/dataset/ER_400_60_9.apx
done
-----------------------------------------------
../af_exemple/dataset/afinput_exp_acyclic_indvary1_step5_batch_yyy07.apx
done
-----------------------------------------------
../af_exemple/dataset/durham-area-transit-authority_20150227_1734.gml.80.apx
done
-----------------------------------------------
../af_exemple/dataset/WS_500_16_50_70.apx
Error from solver
-----------------------------------------------
../af_exemple/dataset/stb_720_404.apx
Error from solver
-----------------------------------------------
../af_exemple/dataset/ferry2.pfile-L2-C1-04.pddl.6.cnf.apx
done
-----------------------------------------------
../af_exemple/dataset/bw2.pfile-4-03.pddl.1.cnf.apx
done
-----------------------------------------------
../af_exemple/dataset/admbuster_50000.apx
done
-----------------------------------------------
../af_exemple/dataset/empresa-publica-de-transportes-e-circulao_20141104_0243.gml.20.apx
done
-----------------------------------------------
../af_exemple/dataset/WS_500_16_10_50.apx
done
-----------------------------------------------
../af_exemple/dataset/stb_637_392.apx
Error from solver
-----------------------------------------------
../af_exemple/dataset/scc_8097_50_10_5.apx
Error from solver
-----------------------------------------------
../af_exemple/dataset/bw3.pfile-4-01.pddl.1.cnf.apx
done
-----------------------------------------------
../af_exemple/dataset/stb_689_279.apx
Error from solver
-----------------------------------------------
../af_exemple/dataset/scc_9446_70_5_2.apx
Error from solver
-----------------------------------------------
../af_exemple/dataset/bw3.pfile-4-08.pddl.6.cnf.apx
done
-----------------------------------------------
../af_exemple/dataset/university-of-pretoria_20150805_1406.normalized.gml.80.apx
done
-----------------------------------------------
../af_exemple/dataset/grd_418_2_9.apx
done
-----------------------------------------------
../af_exemple/dataset/BA_120_20_5.apx
done
-----------------------------------------------
../af_exemple/dataset/WS_500_16_50_10.apx
Error from solver
-----------------------------------------------
../af_exemple/dataset/st-albert-transit_20150513_1752.gml.80.apx
done
-----------------------------------------------
../af_exemple/dataset/scc_7123_70_5_5.apx
Error from solver
-----------------------------------------------
../af_exemple/dataset/woodburn-transit_20151216_1900.gml.80.apx
done
-----------------------------------------------
../af_exemple/dataset/bw2.pfile-3-02.pddl.4.cnf.apx
done
-----------------------------------------------
../af_exemple/dataset/sacramento_2015-12.gml.80.apx
done
-----------------------------------------------
../af_exemple/dataset/afinput_exp_cycles_indvary1_step1_batch_yyy03.apx
Error from solver
-----------------------------------------------
../af_exemple/dataset/irvine-shuttle_20091229_1547.gml.80.apx
done
-----------------------------------------------
../af_exemple/dataset/grd_14020_4_10.apx
done
-----------------------------------------------
../af_exemple/dataset/WS_200_20_90_50.apx
done
-----------------------------------------------
../af_exemple/dataset/fresno-county-rural-transit-agency_20151216_1934.gml.50.apx
done
-----------------------------------------------
../af_exemple/dataset/grd_9291_5_9.apx
done
-----------------------------------------------
../af_exemple/dataset/anaheim-resort-transportation_20151217_1213.gml.50.apx
done
-----------------------------------------------
../af_exemple/dataset/BA_180_60_3.apx
done
-----------------------------------------------
../af_exemple/dataset/stb_796_298.apx
Error from solver
-----------------------------------------------
../af_exemple/dataset/grd_13496_4_3.apx
done
-----------------------------------------------
../af_exemple/dataset/stb_287_202.apx
done
-----------------------------------------------
../af_exemple/dataset/BA_120_80_4.apx
done
-----------------------------------------------
../af_exemple/dataset/WS_400_32_50_50.apx
Error from solver
-----------------------------------------------
../af_exemple/dataset/stb_401_342.apx
done
-----------------------------------------------
../af_exemple/dataset/BA_200_80_3.apx
done
-----------------------------------------------
../af_exemple/dataset/BA_60_80_4.apx
done
-----------------------------------------------
../af_exemple/dataset/translink-archiver_20151219_0124.gml.80.apx
done
-----------------------------------------------
../af_exemple/dataset/grd_3018_3_7.apx
done
-----------------------------------------------
../af_exemple/dataset/ER_100_20_8.apx
done
-----------------------------------------------
../af_exemple/dataset/stb_499_147.apx
done
-----------------------------------------------
../af_exemple/dataset/scc_5282_40_10_1.apx
Error from solver
-----------------------------------------------
../af_exemple/dataset/BA_120_30_3.apx
done
-----------------------------------------------
../af_exemple/dataset/ER_500_20_3.apx
Error from solver
-----------------------------------------------
../af_exemple/dataset/ferry2.pfile-L2-C1-05.pddl.3.cnf.apx
done
-----------------------------------------------
../af_exemple/dataset/WS_400_32_50_30.apx
Error from solver
-----------------------------------------------
../af_exemple/dataset/massachusetts_srta_2014-11-13.gml.50.apx
done
-----------------------------------------------
../af_exemple/dataset/orange-county-transportation-authority_20151202_1534.gml.20.apx
done
-----------------------------------------------
../af_exemple/dataset/santiago.transit_20140625_2014.gml.50.apx
done
-----------------------------------------------
../af_exemple/dataset/WS_400_8_30_30.apx
done
-----------------------------------------------
../af_exemple/dataset/stb_629_282.apx
Error from solver
-----------------------------------------------
../af_exemple/dataset/afinput_exp_acyclic_depvary_step7_batch_yyy08.apx
done
-----------------------------------------------
../af_exemple/dataset/scc_1267_30_15_2.apx
done
-----------------------------------------------
../af_exemple/dataset/ER_100_50_6.apx
done
-----------------------------------------------
../af_exemple/dataset/scc_647_60_15_6.apx
done
-----------------------------------------------
../af_exemple/dataset/scc_1248_60_20_16.apx
done
-----------------------------------------------
../af_exemple/dataset/grd_8600_4_4.apx
done
-----------------------------------------------
../af_exemple/dataset/longueuil_qc_2016-01.gml.20.apx
done
-----------------------------------------------
../af_exemple/dataset/ER_400_20_5.apx
Error from solver
-----------------------------------------------
../af_exemple/dataset/thecomet_20131025_1906.gml.20.apx
done
-----------------------------------------------
../af_exemple/dataset/WS_400_32_90_70.apx
Error from solver
-----------------------------------------------
../af_exemple/dataset/WS_300_32_10_10.apx
done
-----------------------------------------------
../af_exemple/dataset/sembuster_900.apx
done
-----------------------------------------------
../af_exemple/dataset/BA_100_90_2.apx
done
-----------------------------------------------
../af_exemple/dataset/admbuster_1500000.apx
done
-----------------------------------------------
../af_exemple/dataset/stb_547_485.apx
done
-----------------------------------------------
../af_exemple/dataset/bw2.pfile-3-04.pddl.2.cnf.apx
done
-----------------------------------------------
../af_exemple/dataset/ER_500_20_4.apx
Error from solver
-----------------------------------------------
../af_exemple/dataset/ER_500_60_10.apx
done
-----------------------------------------------
../af_exemple/dataset/stb_531_83.apx
Error from solver
-----------------------------------------------
../af_exemple/dataset/WS_500_24_30_70.apx
Error from solver
-----------------------------------------------
../af_exemple/dataset/WS_400_16_90_30.apx
Error from solver
-----------------------------------------------
../af_exemple/dataset/grd_14484_5_2.apx
done
-----------------------------------------------
../af_exemple/dataset/stb_471_389.apx
done
-----------------------------------------------
../af_exemple/dataset/cango.transit.update_20151216_1627.gml.80.apx
done
-----------------------------------------------
../af_exemple/dataset/aircoach_20130716_1324.gml.50.apx
done
-----------------------------------------------
../af_exemple/dataset/WS_500_32_70_10.apx
Error from solver
-----------------------------------------------
../af_exemple/dataset/orange_county_2015-12.gml.80.apx
done
-----------------------------------------------
../af_exemple/dataset/WS_500_24_50_50.apx
Error from solver
-----------------------------------------------
../af_exemple/dataset/stb_526_325.apx
Error from solver
-----------------------------------------------
../af_exemple/dataset/ER_300_40_2.apx
done
-----------------------------------------------
../af_exemple/dataset/scc_6597_50_20_1.apx
Error from solver
-----------------------------------------------
../af_exemple/dataset/ferry2.pfile-L2-C3-08.pddl.1.cnf.apx
done
-----------------------------------------------
../af_exemple/dataset/a1210993_20150717_0403.gml.80.apx
done
-----------------------------------------------
../af_exemple/dataset/massachusetts_bay_2015-12.gml.50.apx
done
-----------------------------------------------
../af_exemple/dataset/new_york_staten_brooklyn_bus_2015-12-23.gml.80.apx
done
-----------------------------------------------
../af_exemple/dataset/ER_400_10_2.apx
Error from solver
-----------------------------------------------
../af_exemple/dataset/san_diego_2016-01.gml.50.apx
done
-----------------------------------------------
../af_exemple/dataset/sncf_20131211_1451.gml.20.apx
done
-----------------------------------------------
../af_exemple/dataset/admbuster_200000.apx
done
-----------------------------------------------
../af_exemple/dataset/san_antonio_tx_2016-01.gml.50.apx
done
-----------------------------------------------
../af_exemple/dataset/afinput_exp_acyclic_depvary_step3_batch_yyy01.apx
done
-----------------------------------------------
../af_exemple/dataset/stb_639_212.apx
Error from solver
-----------------------------------------------
../af_exemple/dataset/emdec_20150312_1945.gml.80.apx
done
-----------------------------------------------
../af_exemple/dataset/alexandria-transit-company-dash_20151202_1518.gml.20.apx
done
-----------------------------------------------
../af_exemple/dataset/scc_1162_60_20_11.apx
done
-----------------------------------------------
../af_exemple/dataset/stb_430_384.apx
Error from solver
-----------------------------------------------
../af_exemple/dataset/ferry2.pfile-L3-C1-09.pddl.1.cnf.apx
done
-----------------------------------------------
../af_exemple/dataset/ER_300_50_6.apx
done
-----------------------------------------------
../af_exemple/dataset/rockland-county-department-of-public-transportation_20121220_2018.gml.20.apx
done
-----------------------------------------------
../af_exemple/dataset/ER_400_70_3.apx
done
-----------------------------------------------
../af_exemple/dataset/ferry2.pfile-L2-C2-06.pddl.2.cnf.apx
done
-----------------------------------------------
../af_exemple/dataset/scc_1086_70_10_5.apx
done
-----------------------------------------------
../af_exemple/dataset/WS_400_24_50_50.apx
Error from solver
-----------------------------------------------
../af_exemple/dataset/south-metro-area-regional-transit_20151216_1704.gml.20.apx
done
-----------------------------------------------
../af_exemple/dataset/WS_400_32_50_10.apx
Error from solver
-----------------------------------------------
../af_exemple/dataset/stb_436_224.apx
Error from solver
-----------------------------------------------
../af_exemple/dataset/ER_100_90_4.apx
done
-----------------------------------------------
../af_exemple/dataset/WS_500_16_10_70.apx
done
-----------------------------------------------
../af_exemple/dataset/greater-cleveland-regional-transit-authority_20140529_0333.gml.80.apx
done
-----------------------------------------------
../af_exemple/dataset/ferry2.pfile-L2-C1-05.pddl.1.cnf.apx
done
-----------------------------------------------
../af_exemple/dataset/WS_300_24_50_50.apx
Error from solver
-----------------------------------------------
../af_exemple/dataset/BA_200_80_1.apx
done
-----------------------------------------------
../af_exemple/dataset/stb_390_450.apx
done
-----------------------------------------------
../af_exemple/dataset/stb_634_218.apx
Error from solver
-----------------------------------------------
../af_exemple/dataset/BA_80_70_3.apx
done
-----------------------------------------------
../af_exemple/dataset/WS_400_8_70_10.apx
done
-----------------------------------------------
../af_exemple/dataset/WS_300_16_90_70.apx
done
-----------------------------------------------
../af_exemple/dataset/ER_400_50_4.apx
